__main__: 2023-09-02 13:09:49,685 ERROR -> MatrixSizeError
__main__: 2023-09-02 13:10:00,428 ERROR -> MatrixMinSizeError
__main__: 2023-09-02 13:10:07,796 INFO -> Создан экземпляр Matrix([[2, 2], [3, 3]])
__main__: 2023-09-02 13:10:07,797 INFO -> Создан экземпляр Matrix([[2, 2], [3, 3]])
__main__: 2023-09-02 13:10:07,798 INFO -> Создан экземпляр Matrix([[1, 1, 1], [2, 2, 2]])
__main__: 2023-09-02 13:10:07,799 ERROR -> MatrixNotEquals
__main__: 2023-09-02 13:10:28,707 INFO -> Создан экземпляр Matrix([[2, 2], [3, 3]])
__main__: 2023-09-02 13:10:28,708 ERROR -> ClassesEqualsError
__main__: 2023-09-02 14:04:30,768 INFO -> Создан экземпляр Matrix([[2, 2], [3, 3]])
__main__: 2023-09-02 14:09:12,147 INFO -> Создан экземпляр Matrix([[1, 1], [2, 2]])
__main__: 2023-09-02 14:11:21,393 INFO -> Ввод данных из консоли [[1, 1], [2, 2]]
__main__: 2023-09-02 14:11:21,394 INFO -> Создан экземпляр Matrix([[1, 1], [2, 2]])
__main__: 2023-09-02 14:13:04,738 INFO -> Ввод данных из консоли []
__main__: 2023-09-02 14:13:04,738 ERROR -> min() arg is an empty sequence
__main__: 2023-09-02 14:13:26,587 INFO -> Ввод данных из консоли [[1, 12, 2]]
__main__: 2023-09-02 14:13:26,587 ERROR -> MatrixMinSizeError
__main__: 2023-09-02 14:13:26,587 ERROR -> Ошибка! Количество строк/столбцов не божет быть меньше 2
__main__: 2023-09-02 14:13:47,370 INFO -> Ввод данных из консоли [[1, 1], [2, 2]]
__main__: 2023-09-02 14:13:47,370 INFO -> Создан экземпляр Matrix([[1, 1], [2, 2]])
__main__: 2023-09-02 14:19:12,446 INFO -> Ввод данных из консоли [1,2,3]
__main__: 2023-09-02 14:19:12,446 ERROR -> MatrixMinSizeError
__main__: 2023-09-02 14:19:12,446 ERROR -> Ошибка! Количество строк/столбцов не божет быть меньше 2
